# JRE version: Java(TM) SE Runtime Environment (7.0_51-b13) (build 1.7.0_51-b13)
# Java VM: Java HotSpot(TM) Client VM (24.51-b03 mixed mode, sharing windows-x86 )
Heap
 def new generation   total 4928K, used 2106K [0x24600000, 0x24b50000, 0x29b50000)
  eden space 4416K,  39% used [0x24600000, 0x247b2b40, 0x24a50000)
  from space 512K,  71% used [0x24a50000, 0x24aabee0, 0x24ad0000)
  to   space 512K,   0% used [0x24ad0000, 0x24ad0000, 0x24b50000)
 tenured generation   total 10944K, used 2465K [0x29b50000, 0x2a600000, 0x34600000)
   the space 10944K,  22% used [0x29b50000, 0x29db86a8, 0x29db8800, 0x2a600000)
 compacting perm gen  total 12288K, used 1404K [0x34600000, 0x35200000, 0x38600000)
   the space 12288K,  11% used [0x34600000, 0x3475f238, 0x3475f400, 0x35200000)
    ro space 10240K,  41% used [0x38600000, 0x38a32050, 0x38a32200, 0x39000000)
    rw space 12288K,  52% used [0x39000000, 0x39646800, 0x39646800, 0x39c00000)
GC Heap History (4 events):
Event: 0.914 GC heap before
{Heap before GC invocations=0 (full 0):
 def new generation   total 4928K, used 3502K [0x24600000, 0x24b50000, 0x29b50000)
  eden space 4416K,  79% used [0x24600000, 0x2496b890, 0x24a50000)
  from space 512K,   0% used [0x24a50000, 0x24a50000, 0x24ad0000)
  to   space 512K,   0% used [0x24ad0000, 0x24ad0000, 0x24b50000)
 tenured generation   total 10944K, used 0K [0x29b50000, 0x2a600000, 0x34600000)
   the space 10944K,   0% used [0x29b50000, 0x29b50000, 0x29b50200, 0x2a600000)
 compacting perm gen  total 12288K, used 1361K [0x34600000, 0x35200000, 0x38600000)
   the space 12288K,  11% used [0x34600000, 0x34754590, 0x34754600, 0x35200000)
    ro space 10240K,  41% used [0x38600000, 0x38a32050, 0x38a32200, 0x39000000)
    rw space 12288K,  52% used [0x39000000, 0x39646800, 0x39646800, 0x39c00000)
Event: 0.918 GC heap after
Heap after GC invocations=1 (full 0):
 def new generation   total 4928K, used 512K [0x24600000, 0x24b50000, 0x29b50000)
  eden space 4416K,   0% used [0x24600000, 0x24600000, 0x24a50000)
  from space 512K, 100% used [0x24ad0000, 0x24b50000, 0x24b50000)
  to   space 512K,   0% used [0x24a50000, 0x24a50000, 0x24ad0000)
 tenured generation   total 10944K, used 944K [0x29b50000, 0x2a600000, 0x34600000)
   the space 10944K,   8% used [0x29b50000, 0x29c3c140, 0x29c3c200, 0x2a600000)
 compacting perm gen  total 12288K, used 1361K [0x34600000, 0x35200000, 0x38600000)
   the space 12288K,  11% used [0x34600000, 0x34754590, 0x34754600, 0x35200000)
    ro space 10240K,  41% used [0x38600000, 0x38a32050, 0x38a32200, 0x39000000)
    rw space 12288K,  52% used [0x39000000, 0x39646800, 0x39646800, 0x39c00000)
}
Event: 1.557 GC heap before
{Heap before GC invocations=1 (full 0):
 def new generation   total 4928K, used 4928K [0x24600000, 0x24b50000, 0x29b50000)
  eden space 4416K, 100% used [0x24600000, 0x24a50000, 0x24a50000)
  from space 512K, 100% used [0x24ad0000, 0x24b50000, 0x24b50000)
  to   space 512K,   0% used [0x24a50000, 0x24a50000, 0x24ad0000)
 tenured generation   total 10944K, used 944K [0x29b50000, 0x2a600000, 0x34600000)
   the space 10944K,   8% used [0x29b50000, 0x29c3c140, 0x29c3c200, 0x2a600000)
 compacting perm gen  total 12288K, used 1398K [0x34600000, 0x35200000, 0x38600000)
   the space 12288K,  11% used [0x34600000, 0x3475d8b8, 0x3475da00, 0x35200000)
    ro space 10240K,  41% used [0x38600000, 0x38a32050, 0x38a32200, 0x39000000)
    rw space 12288K,  52% used [0x39000000, 0x39646800, 0x39646800, 0x39c00000)
Event: 1.560 GC heap after
Heap after GC invocations=2 (full 0):
 def new generation   total 4928K, used 367K [0x24600000, 0x24b50000, 0x29b50000)
  eden space 4416K,   0% used [0x24600000, 0x24600000, 0x24a50000)
  from space 512K,  71% used [0x24a50000, 0x24aabee0, 0x24ad0000)
  to   space 512K,   0% used [0x24ad0000, 0x24ad0000, 0x24b50000)
 tenured generation   total 10944K, used 2465K [0x29b50000, 0x2a600000, 0x34600000)
   the space 10944K,  22% used [0x29b50000, 0x29db86a8, 0x29db8800, 0x2a600000)
 compacting perm gen  total 12288K, used 1398K [0x34600000, 0x35200000, 0x38600000)
   the space 12288K,  11% used [0x34600000, 0x3475d8b8, 0x3475da00, 0x35200000)
    ro space 10240K,  41% used [0x38600000, 0x38a32050, 0x38a32200, 0x39000000)
    rw space 12288K,  52% used [0x39000000, 0x39646800, 0x39646800, 0x39c00000)
}

